<?xml version="1.0" encoding="UTF-8"?>
<!-- Generated by org.testng.reporters.JUnitXMLReporter -->
<testsuite hostname="DESKTOP-34R7C85" ignored="0" name="Default test" tests="2" failures="0" timestamp="14 Apr 2020 12:59:16 GMT" time="0.165" errors="0">
  <testcase name="@BeforeSuite startDriver" time="16.362" classname="tests.TestBase">
    <failure type="org.openqa.selenium.SessionNotCreatedException" message="session not created
from chrome not reachable
  (Session info: chrome=81.0.4044.92)
Build info: version: &amp;apos;3.141.59&amp;apos;, revision: &amp;apos;e82be7d358&amp;apos;, time: &amp;apos;2018-11-14T08:17:03&amp;apos;
System info: host: &amp;apos;DESKTOP-34R7C85&amp;apos;, ip: &amp;apos;192.168.1.6&amp;apos;, os.name: &amp;apos;Windows 10&amp;apos;, os.arch: &amp;apos;amd64&amp;apos;, os.version: &amp;apos;10.0&amp;apos;, java.version: &amp;apos;1.8.0_73&amp;apos;
Driver info: driver.version: ChromeDriver
remote stacktrace: Backtrace:
	Ordinal0 [0x00E55F73+2449267]
	Ordinal0 [0x00D88361+1606497]
	Ordinal0 [0x00C7F812+522258]
	Ordinal0 [0x00C795B2+497074]
	Ordinal0 [0x00C79C9B+498843]
	Ordinal0 [0x00C7ABF5+502773]
	Ordinal0 [0x00C76724+485156]
	Ordinal0 [0x00C80600+525824]
	Ordinal0 [0x00C2CBB9+183225]
	Ordinal0 [0x00C2BF2D+180013]
	Ordinal0 [0x00C29E5B+171611]
	Ordinal0 [0x00C11DD8+73176]
	Ordinal0 [0x00C12E50+77392]
	Ordinal0 [0x00C12DE9+77289]
	Ordinal0 [0x00D9D8D7+1693911]
	GetHandleVerifier [0x00EF4036+522726]
	GetHandleVerifier [0x00EF3D74+522020]
	GetHandleVerifier [0x00F09187+609079]
	GetHandleVerifier [0x00EF48A6+524886]
	Ordinal0 [0x00D95CBC+1662140]
	Ordinal0 [0x00D9F23B+1700411]
	Ordinal0 [0x00D9F3A3+1700771]
	Ordinal0 [0x00DB5215+1790485]
	BaseThreadInitThunk [0x77406359+25]
	RtlGetAppContainerNamedObjectPath [0x778F7B74+228]
	RtlGetAppContainerNamedObjectPath [0x778F7B44+180]
">
      <![CDATA[org.openqa.selenium.SessionNotCreatedException: session not created
from chrome not reachable
  (Session info: chrome=81.0.4044.92)
Build info: version: '3.141.59', revision: 'e82be7d358', time: '2018-11-14T08:17:03'
System info: host: 'DESKTOP-34R7C85', ip: '192.168.1.6', os.name: 'Windows 10', os.arch: 'amd64', os.version: '10.0', java.version: '1.8.0_73'
Driver info: driver.version: ChromeDriver
remote stacktrace: Backtrace:
Ordinal0 [0x00E55F73+2449267]
Ordinal0 [0x00D88361+1606497]
Ordinal0 [0x00C7F812+522258]
Ordinal0 [0x00C795B2+497074]
Ordinal0 [0x00C79C9B+498843]
Ordinal0 [0x00C7ABF5+502773]
Ordinal0 [0x00C76724+485156]
Ordinal0 [0x00C80600+525824]
Ordinal0 [0x00C2CBB9+183225]
Ordinal0 [0x00C2BF2D+180013]
Ordinal0 [0x00C29E5B+171611]
Ordinal0 [0x00C11DD8+73176]
Ordinal0 [0x00C12E50+77392]
Ordinal0 [0x00C12DE9+77289]
Ordinal0 [0x00D9D8D7+1693911]
GetHandleVerifier [0x00EF4036+522726]
GetHandleVerifier [0x00EF3D74+522020]
GetHandleVerifier [0x00F09187+609079]
GetHandleVerifier [0x00EF48A6+524886]
Ordinal0 [0x00D95CBC+1662140]
Ordinal0 [0x00D9F23B+1700411]
Ordinal0 [0x00D9F3A3+1700771]
Ordinal0 [0x00DB5215+1790485]
BaseThreadInitThunk [0x77406359+25]
RtlGetAppContainerNamedObjectPath [0x778F7B74+228]
RtlGetAppContainerNamedObjectPath [0x778F7B44+180]

at sun.reflect.NativeConstructorAccessorImpl.newInstance0(Native Method)
at sun.reflect.NativeConstructorAccessorImpl.newInstance(Unknown Source)
at sun.reflect.DelegatingConstructorAccessorImpl.newInstance(Unknown Source)
at java.lang.reflect.Constructor.newInstance(Unknown Source)
at org.openqa.selenium.remote.W3CHandshakeResponse.lambda$errorHandler$0(W3CHandshakeResponse.java:62)
at org.openqa.selenium.remote.HandshakeResponse.lambda$getResponseFunction$0(HandshakeResponse.java:30)
at org.openqa.selenium.remote.ProtocolHandshake.lambda$createSession$0(ProtocolHandshake.java:126)
at java.util.stream.ReferencePipeline$3$1.accept(Unknown Source)
at java.util.Spliterators$ArraySpliterator.tryAdvance(Unknown Source)
at java.util.stream.ReferencePipeline.forEachWithCancel(Unknown Source)
at java.util.stream.AbstractPipeline.copyIntoWithCancel(Unknown Source)
at java.util.stream.AbstractPipeline.copyInto(Unknown Source)
at java.util.stream.AbstractPipeline.wrapAndCopyInto(Unknown Source)
at java.util.stream.FindOps$FindOp.evaluateSequential(Unknown Source)
at java.util.stream.AbstractPipeline.evaluate(Unknown Source)
at java.util.stream.ReferencePipeline.findFirst(Unknown Source)
at org.openqa.selenium.remote.ProtocolHandshake.createSession(ProtocolHandshake.java:128)
at org.openqa.selenium.remote.ProtocolHandshake.createSession(ProtocolHandshake.java:74)
at org.openqa.selenium.remote.HttpCommandExecutor.execute(HttpCommandExecutor.java:136)
at org.openqa.selenium.remote.service.DriverCommandExecutor.execute(DriverCommandExecutor.java:83)
at org.openqa.selenium.remote.RemoteWebDriver.execute(RemoteWebDriver.java:552)
at org.openqa.selenium.remote.RemoteWebDriver.startSession(RemoteWebDriver.java:213)
at org.openqa.selenium.remote.RemoteWebDriver.<init>(RemoteWebDriver.java:131)
at org.openqa.selenium.chrome.ChromeDriver.<init>(ChromeDriver.java:181)
at org.openqa.selenium.chrome.ChromeDriver.<init>(ChromeDriver.java:168)
at org.openqa.selenium.chrome.ChromeDriver.<init>(ChromeDriver.java:123)
at tests.TestBase.startDriver(TestBase.java:27)
at sun.reflect.NativeMethodAccessorImpl.invoke0(Native Method)
at sun.reflect.NativeMethodAccessorImpl.invoke(Unknown Source)
at sun.reflect.DelegatingMethodAccessorImpl.invoke(Unknown Source)
at java.lang.reflect.Method.invoke(Unknown Source)
at org.testng.internal.MethodInvocationHelper.invokeMethod(MethodInvocationHelper.java:124)
at org.testng.internal.MethodInvocationHelper.invokeMethodConsideringTimeout(MethodInvocationHelper.java:59)
at org.testng.internal.Invoker.invokeConfigurationMethod(Invoker.java:458)
at org.testng.internal.Invoker.invokeConfigurations(Invoker.java:222)
at org.testng.internal.Invoker.invokeConfigurations(Invoker.java:142)
at org.testng.SuiteRunner.privateRun(SuiteRunner.java:401)
at org.testng.SuiteRunner.run(SuiteRunner.java:364)
at org.testng.SuiteRunnerWorker.runSuite(SuiteRunnerWorker.java:52)
at org.testng.SuiteRunnerWorker.run(SuiteRunnerWorker.java:84)
at org.testng.TestNG.runSuitesSequentially(TestNG.java:1208)
at org.testng.TestNG.runSuitesLocally(TestNG.java:1137)
at org.testng.TestNG.runSuites(TestNG.java:1049)
at org.testng.TestNG.run(TestNG.java:1017)
at org.testng.remote.AbstractRemoteTestNG.run(AbstractRemoteTestNG.java:115)
at org.testng.remote.RemoteTestNG.initAndRun(RemoteTestNG.java:251)
at org.testng.remote.RemoteTestNG.main(RemoteTestNG.java:77)
]]>
    </failure>
  </testcase> <!-- @BeforeSuite startDriver -->
  <testcase name="TEDSearchinGoogleplay" time="0.0" classname="tests.TEDsearchTest">
    <skipped/>
  </testcase> <!-- TEDSearchinGoogleplay -->
  <testcase name="fbsearchingoogleplay" time="0.0" classname="tests.TEDsearchTest">
    <skipped/>
  </testcase> <!-- fbsearchingoogleplay -->
</testsuite> <!-- Default test -->
